{"C:\\Users\\konsv\\Documents\\Coding\\planethopper\\src\\services\\responseHandlers.ts": {"path":"C:\\Users\\konsv\\Documents\\Coding\\planethopper\\src\\services\\responseHandlers.ts","statementMap":{"0":{"start":{"line":20,"column":37},"end":{"line":23,"column":2}},"1":{"start":{"line":20,"column":74},"end":{"line":23,"column":1}},"2":{"start":{"line":25,"column":34},"end":{"line":28,"column":2}},"3":{"start":{"line":25,"column":68},"end":{"line":28,"column":1}},"4":{"start":{"line":31,"column":33},"end":{"line":36,"column":1}},"5":{"start":{"line":34,"column":2},"end":{"line":34,"column":58}},"6":{"start":{"line":34,"column":46},"end":{"line":34,"column":58}},"7":{"start":{"line":35,"column":2},"end":{"line":35,"column":15}},"8":{"start":{"line":37,"column":30},"end":{"line":42,"column":1}},"9":{"start":{"line":40,"column":2},"end":{"line":40,"column":55}},"10":{"start":{"line":40,"column":43},"end":{"line":40,"column":55}},"11":{"start":{"line":41,"column":2},"end":{"line":41,"column":15}}},"fnMap":{"0":{"name":"(anonymous_0)","decl":{"start":{"line":20,"column":37},"end":{"line":20,"column":38}},"loc":{"start":{"line":20,"column":74},"end":{"line":23,"column":1}},"line":20},"1":{"name":"(anonymous_1)","decl":{"start":{"line":25,"column":34},"end":{"line":25,"column":35}},"loc":{"start":{"line":25,"column":68},"end":{"line":28,"column":1}},"line":25},"2":{"name":"(anonymous_2)","decl":{"start":{"line":31,"column":33},"end":{"line":31,"column":34}},"loc":{"start":{"line":33,"column":33},"end":{"line":36,"column":1}},"line":33},"3":{"name":"(anonymous_3)","decl":{"start":{"line":37,"column":30},"end":{"line":37,"column":31}},"loc":{"start":{"line":39,"column":27},"end":{"line":42,"column":1}},"line":39}},"branchMap":{"0":{"loc":{"start":{"line":34,"column":2},"end":{"line":34,"column":58}},"type":"if","locations":[{"start":{"line":34,"column":2},"end":{"line":34,"column":58}},{"start":{},"end":{}}],"line":34},"1":{"loc":{"start":{"line":40,"column":2},"end":{"line":40,"column":55}},"type":"if","locations":[{"start":{"line":40,"column":2},"end":{"line":40,"column":55}},{"start":{},"end":{}}],"line":40}},"s":{"0":1,"1":4,"2":1,"3":4,"4":1,"5":2,"6":1,"7":1,"8":1,"9":2,"10":1,"11":1},"f":{"0":4,"1":4,"2":2,"3":2},"b":{"0":[1,1],"1":[1,1]},"_coverageSchema":"1a1c01bbd47fc00a2c39e90264f33305004495a9","hash":"0498c18dad7d51e84ee72760f09949aa571d8179"}
,"C:\\Users\\konsv\\Documents\\Coding\\planethopper\\src\\utils\\thousandsWithCommas.ts": {"path":"C:\\Users\\konsv\\Documents\\Coding\\planethopper\\src\\utils\\thousandsWithCommas.ts","statementMap":{"0":{"start":{"line":1,"column":35},"end":{"line":3,"column":1}},"1":{"start":{"line":2,"column":2},"end":{"line":2,"column":64}}},"fnMap":{"0":{"name":"(anonymous_0)","decl":{"start":{"line":1,"column":35},"end":{"line":1,"column":36}},"loc":{"start":{"line":1,"column":54},"end":{"line":3,"column":1}},"line":1}},"branchMap":{},"s":{"0":1,"1":4},"f":{"0":4},"b":{},"_coverageSchema":"1a1c01bbd47fc00a2c39e90264f33305004495a9","hash":"fa19868eb77e0c093d372110c3eb4f053b1ae3c8"}
}
