TN:
SF:src\services\responseHandlers.ts
FN:20,(anonymous_0)
FN:25,(anonymous_1)
FN:31,(anonymous_2)
FN:37,(anonymous_3)
FNF:4
FNH:4
FNDA:4,(anonymous_0)
FNDA:4,(anonymous_1)
FNDA:2,(anonymous_2)
FNDA:2,(anonymous_3)
DA:20,4
DA:25,4
DA:31,1
DA:34,2
DA:35,1
DA:37,1
DA:40,2
DA:41,1
LF:8
LH:8
BRDA:34,0,0,1
BRDA:34,0,1,1
BRDA:40,1,0,1
BRDA:40,1,1,1
BRF:4
BRH:4
end_of_record
TN:
SF:src\utils\thousandsWithCommas.ts
FN:1,(anonymous_0)
FNF:1
FNH:1
FNDA:4,(anonymous_0)
DA:1,1
DA:2,4
LF:2
LH:2
BRF:0
BRH:0
end_of_record
